<?xml version="1.0" encoding="UTF-8"?>
<testsuite xmlns:xsi="http://www.w3.org/2001/XMLSchema-instance" xsi:noNamespaceSchemaLocation="https://maven.apache.org/surefire/maven-surefire-plugin/xsd/surefire-test-report-3.0.xsd" version="3.0" name="com.example.security.SecurityApplicationTests" time="5.078" tests="1" errors="0" skipped="0" failures="0">
  <properties>
[...]
</properties>
  <testcase name="contextLoads" classname="com.example.security.SecurityApplicationTests" time="0.585">
    <system-out><![CDATA[18:36:23.635 [main] INFO org.springframework.test.context.support.AnnotationConfigContextLoaderUtils -- Could not detect default configuration classes for test class [com.example.security.SecurityApplicationTests]: SecurityApplicationTests does not declare any static, non-private, non-final, nested classes annotated with @Configuration.
18:36:23.750 [main] INFO org.springframework.boot.test.context.SpringBootTestContextBootstrapper -- Found @SpringBootConfiguration com.example.security.SecurityApplication for test class com.example.security.SecurityApplicationTests

  .   ____          _            __ _ _
 /\\ / ___'_ __ _ _(_)_ __  __ _ \ \ \ \
( ( )\___ | '_ | '_| | '_ \/ _` | \ \ \ \
 \\/  ___)| |_)| | | | | || (_| |  ) ) ) )
  '  |____| .__|_| |_|_| |_\__, | / / / /
 =========|_|==============|___/=/_/_/_/
 :: Spring Boot ::                (v3.1.0)

2023-05-30T18:36:24.230+02:00  INFO 7624 --- [           main] c.e.security.SecurityApplicationTests    : Starting SecurityApplicationTests using Java 20.0.1 with PID 7624 (started by petit in C:\Users\petit\Desktop\repos\security)
2023-05-30T18:36:24.231+02:00  INFO 7624 --- [           main] c.e.security.SecurityApplicationTests    : No active profile set, falling back to 1 default profile: "default"
2023-05-30T18:36:24.851+02:00  INFO 7624 --- [           main] .s.d.r.c.RepositoryConfigurationDelegate : Bootstrapping Spring Data JPA repositories in DEFAULT mode.
2023-05-30T18:36:24.874+02:00  INFO 7624 --- [           main] .s.d.r.c.RepositoryConfigurationDelegate : Finished Spring Data repository scanning in 13 ms. Found 0 JPA repository interfaces.
2023-05-30T18:36:25.309+02:00  INFO 7624 --- [           main] o.hibernate.jpa.internal.util.LogHelper  : HHH000204: Processing PersistenceUnitInfo [name: default]
2023-05-30T18:36:25.386+02:00  INFO 7624 --- [           main] org.hibernate.Version                    : HHH000412: Hibernate ORM core version 6.2.2.Final
2023-05-30T18:36:25.388+02:00  INFO 7624 --- [           main] org.hibernate.cfg.Environment            : HHH000406: Using bytecode reflection optimizer
2023-05-30T18:36:25.577+02:00  INFO 7624 --- [           main] o.h.b.i.BytecodeProviderInitiator        : HHH000021: Bytecode provider name : bytebuddy
2023-05-30T18:36:25.715+02:00  INFO 7624 --- [           main] o.s.o.j.p.SpringPersistenceUnitInfo      : No LoadTimeWeaver setup: ignoring JPA class transformer
2023-05-30T18:36:25.730+02:00  INFO 7624 --- [           main] com.zaxxer.hikari.HikariDataSource       : HikariPool-1 - Starting...
2023-05-30T18:36:25.986+02:00  INFO 7624 --- [           main] com.zaxxer.hikari.pool.HikariPool        : HikariPool-1 - Added connection org.postgresql.jdbc.PgConnection@26c7b1c6
2023-05-30T18:36:25.988+02:00  INFO 7624 --- [           main] com.zaxxer.hikari.HikariDataSource       : HikariPool-1 - Start completed.
2023-05-30T18:36:26.067+02:00  INFO 7624 --- [           main] org.hibernate.orm.dialect                : HHH035001: Using dialect: org.hibernate.dialect.PostgreSQLDialect, version: org.hibernate.engine.jdbc.env.internal.JdbcEnvironmentInitiator$DialectResolutionInfoImpl@7ae590f6
2023-05-30T18:36:26.325+02:00  INFO 7624 --- [           main] o.h.b.i.BytecodeProviderInitiator        : HHH000021: Bytecode provider name : bytebuddy
2023-05-30T18:36:26.896+02:00  INFO 7624 --- [           main] o.h.e.t.j.p.i.JtaPlatformInitiator       : HHH000490: Using JtaPlatform implementation: [org.hibernate.engine.transaction.jta.platform.internal.NoJtaPlatform]
2023-05-30T18:36:26.946+02:00  INFO 7624 --- [           main] j.LocalContainerEntityManagerFactoryBean : Initialized JPA EntityManagerFactory for persistence unit 'default'
2023-05-30T18:36:27.096+02:00  WARN 7624 --- [           main] JpaBaseConfiguration$JpaWebConfiguration : spring.jpa.open-in-view is enabled by default. Therefore, database queries may be performed during view rendering. Explicitly configure spring.jpa.open-in-view to disable this warning
2023-05-30T18:36:27.724+02:00  WARN 7624 --- [           main] .s.s.UserDetailsServiceAutoConfiguration : 

Using generated security password: fbb4539c-cdd9-49b0-a609-1e5a7470ba79

This generated password is for development use only. Your security configuration must be updated before running your application in production.

2023-05-30T18:36:27.873+02:00  INFO 7624 --- [           main] o.s.s.web.DefaultSecurityFilterChain     : Will secure any request with [org.springframework.security.web.session.DisableEncodeUrlFilter@cbc3bf3, org.springframework.security.web.context.request.async.WebAsyncManagerIntegrationFilter@31f9f9b3, org.springframework.security.web.context.SecurityContextHolderFilter@5f81507a, org.springframework.security.web.header.HeaderWriterFilter@261099e1, org.springframework.security.web.csrf.CsrfFilter@192ecf8, org.springframework.security.web.authentication.logout.LogoutFilter@13f7c165, org.springframework.security.web.authentication.UsernamePasswordAuthenticationFilter@55d87b73, org.springframework.security.web.authentication.ui.DefaultLoginPageGeneratingFilter@64f613da, org.springframework.security.web.authentication.ui.DefaultLogoutPageGeneratingFilter@7730da00, org.springframework.security.web.authentication.www.BasicAuthenticationFilter@27234b7c, org.springframework.security.web.savedrequest.RequestCacheAwareFilter@7dbbf730, org.springframework.security.web.servletapi.SecurityContextHolderAwareRequestFilter@16732340, org.springframework.security.web.authentication.AnonymousAuthenticationFilter@52d01430, org.springframework.security.web.access.ExceptionTranslationFilter@149238fe, org.springframework.security.web.access.intercept.AuthorizationFilter@37ab1b10]
2023-05-30T18:36:27.932+02:00  INFO 7624 --- [           main] c.e.security.SecurityApplicationTests    : Started SecurityApplicationTests in 4.016 seconds (process running for 5.054)
]]></system-out>
  </testcase>
</testsuite>